<?xml version="1.0" encoding="UTF-8"?>
<testsuites name="jest tests" tests="18" failures="1" errors="0" time="2.805">
  <testsuite name="SpaceWord Utilities" errors="0" failures="0" skipped="0" timestamp="2026-04-18T21:29:24" time="0.768" tests="15">
    <testcase classname="SpaceWord Utilities getRandomInt returns an integer between the bounds" name="SpaceWord Utilities getRandomInt returns an integer between the bounds" time="0.009">
    </testcase>
    <testcase classname="SpaceWord Utilities getRandomInt equal bounds returns that value" name="SpaceWord Utilities getRandomInt equal bounds returns that value" time="0.001">
    </testcase>
    <testcase classname="SpaceWord Utilities rectIntersect non-overlapping returns false" name="SpaceWord Utilities rectIntersect non-overlapping returns false" time="0.001">
    </testcase>
    <testcase classname="SpaceWord Utilities rectIntersect overlapping returns true" name="SpaceWord Utilities rectIntersect overlapping returns true" time="0.001">
    </testcase>
    <testcase classname="SpaceWord Utilities rectIntersect rectangles touching edges collide" name="SpaceWord Utilities rectIntersect rectangles touching edges collide" time="0.001">
    </testcase>
    <testcase classname="SpaceWord Utilities circleIntersect non-overlapping circles return false" name="SpaceWord Utilities circleIntersect non-overlapping circles return false" time="0.001">
    </testcase>
    <testcase classname="SpaceWord Utilities circleIntersect overlapping circles return true" name="SpaceWord Utilities circleIntersect overlapping circles return true" time="0">
    </testcase>
    <testcase classname="SpaceWord Utilities circleIntersect tangent circles return true" name="SpaceWord Utilities circleIntersect tangent circles return true" time="0.001">
    </testcase>
    <testcase classname="SpaceWord Utilities timeToString 123456789 ms formats correctly (as per PDF expectation)" name="SpaceWord Utilities timeToString 123456789 ms formats correctly (as per PDF expectation)" time="0.001">
    </testcase>
    <testcase classname="SpaceWord Utilities timeToString non-numeric input returns NaN string" name="SpaceWord Utilities timeToString non-numeric input returns NaN string" time="0.001">
    </testcase>
    <testcase classname="SpaceWord Utilities timeToString zero formats as 00:00:00" name="SpaceWord Utilities timeToString zero formats as 00:00:00" time="0">
    </testcase>
    <testcase classname="SpaceWord Utilities timeToString negative value formats with negative components" name="SpaceWord Utilities timeToString negative value formats with negative components" time="0.001">
    </testcase>
    <testcase classname="SpaceWord Utilities generateString returns string of correct length" name="SpaceWord Utilities generateString returns string of correct length" time="0.001">
    </testcase>
    <testcase classname="SpaceWord Utilities generateString contains only lowercase letters" name="SpaceWord Utilities generateString contains only lowercase letters" time="0">
    </testcase>
    <testcase classname="SpaceWord Utilities getPosition calculates absolute position of an element" name="SpaceWord Utilities getPosition calculates absolute position of an element" time="0.015">
    </testcase>
  </testsuite>
  <testsuite name="SpaceWord Functional Tests" errors="0" failures="1" skipped="0" timestamp="2026-04-18T21:29:24" time="1.641" tests="3">
    <testcase classname="SpaceWord Functional Tests Game starts without crashing and creates main character" name="SpaceWord Functional Tests Game starts without crashing and creates main character" time="0.252">
    </testcase>
    <testcase classname="SpaceWord Functional Tests Enemy can be created and typing mechanic works" name="SpaceWord Functional Tests Enemy can be created and typing mechanic works" time="0.116">
    </testcase>
    <testcase classname="SpaceWord Functional Tests Collision detection reduces lives and ends game" name="SpaceWord Functional Tests Collision detection reduces lives and ends game" time="0.321">
      <failure>Error: expect(received).toBe(expected) // Object.is equality

Expected: true
Received: false
    at Object.toBe (/home/champen/Documents/temp/jeuvideops/games/spaceword/__tests__/functional.test.js:160:56)
    at Promise.finally.completed (/home/champen/Documents/temp/jeuvideops/node_modules/jest-circus/build/jestAdapterInit.js:1557:28)
    at new Promise (&lt;anonymous&gt;)
    at callAsyncCircusFn (/home/champen/Documents/temp/jeuvideops/node_modules/jest-circus/build/jestAdapterInit.js:1497:10)
    at _callCircusTest (/home/champen/Documents/temp/jeuvideops/node_modules/jest-circus/build/jestAdapterInit.js:1007:40)
    at processTicksAndRejections (node:internal/process/task_queues:103:5)
    at _runTest (/home/champen/Documents/temp/jeuvideops/node_modules/jest-circus/build/jestAdapterInit.js:947:3)
    at /home/champen/Documents/temp/jeuvideops/node_modules/jest-circus/build/jestAdapterInit.js:849:7
    at _runTestsForDescribeBlock (/home/champen/Documents/temp/jeuvideops/node_modules/jest-circus/build/jestAdapterInit.js:862:11)
    at _runTestsForDescribeBlock (/home/champen/Documents/temp/jeuvideops/node_modules/jest-circus/build/jestAdapterInit.js:857:11)
    at run (/home/champen/Documents/temp/jeuvideops/node_modules/jest-circus/build/jestAdapterInit.js:761:3)
    at runAndTransformResultsToJestFormat (/home/champen/Documents/temp/jeuvideops/node_modules/jest-circus/build/jestAdapterInit.js:1918:21)
    at jestAdapter (/home/champen/Documents/temp/jeuvideops/node_modules/jest-circus/build/runner.js:101:19)
    at runTestInternal (/home/champen/Documents/temp/jeuvideops/node_modules/jest-runner/build/testWorker.js:275:16)
    at runTest (/home/champen/Documents/temp/jeuvideops/node_modules/jest-runner/build/testWorker.js:343:7)
    at Object.worker (/home/champen/Documents/temp/jeuvideops/node_modules/jest-runner/build/testWorker.js:497:12)</failure>
    </testcase>
  </testsuite>
</testsuites>