<?xml version="1.0" encoding="UTF-8"?>
<testsuites name="jest tests" tests="6" failures="3" errors="0" time="0.937">
  <testsuite name="Two Ships Passing In The Night - Math Functions" errors="0" failures="3" skipped="0" timestamp="2026-04-17T09:59:27" time="0.489" tests="6">
    <testcase classname="Two Ships Passing In The Night - Math Functions randFloatSpread(1) should be &lt;= 1" name="Two Ships Passing In The Night - Math Functions randFloatSpread(1) should be &lt;= 1" time="0.002">
    </testcase>
    <testcase classname="Two Ships Passing In The Night - Math Functions randFloatSpread(1) should be &gt;= -1" name="Two Ships Passing In The Night - Math Functions randFloatSpread(1) should be &gt;= -1" time="0">
    </testcase>
    <testcase classname="Two Ships Passing In The Night - Math Functions maplinear(1,2,3,4,5) should return 3" name="Two Ships Passing In The Night - Math Functions maplinear(1,2,3,4,5) should return 3" time="0">
      <failure>TypeError: math.maplinear is not a function
    at Object.maplinear (/home/tomas-silva/Documents/GitHub/jeuvideops/games/two-ships-passing-in-the-night/__tests__/math.test.js:19:25)
    at Promise.finally.completed (/home/tomas-silva/Documents/GitHub/jeuvideops/games/two-ships-passing-in-the-night/node_modules/jest-circus/build/jestAdapterInit.js:1557:28)
    at new Promise (&lt;anonymous&gt;)
    at callAsyncCircusFn (/home/tomas-silva/Documents/GitHub/jeuvideops/games/two-ships-passing-in-the-night/node_modules/jest-circus/build/jestAdapterInit.js:1497:10)
    at _callCircusTest (/home/tomas-silva/Documents/GitHub/jeuvideops/games/two-ships-passing-in-the-night/node_modules/jest-circus/build/jestAdapterInit.js:1007:40)
    at processTicksAndRejections (node:internal/process/task_queues:95:5)
    at _runTest (/home/tomas-silva/Documents/GitHub/jeuvideops/games/two-ships-passing-in-the-night/node_modules/jest-circus/build/jestAdapterInit.js:947:3)
    at /home/tomas-silva/Documents/GitHub/jeuvideops/games/two-ships-passing-in-the-night/node_modules/jest-circus/build/jestAdapterInit.js:849:7
    at _runTestsForDescribeBlock (/home/tomas-silva/Documents/GitHub/jeuvideops/games/two-ships-passing-in-the-night/node_modules/jest-circus/build/jestAdapterInit.js:862:11)
    at _runTestsForDescribeBlock (/home/tomas-silva/Documents/GitHub/jeuvideops/games/two-ships-passing-in-the-night/node_modules/jest-circus/build/jestAdapterInit.js:857:11)
    at run (/home/tomas-silva/Documents/GitHub/jeuvideops/games/two-ships-passing-in-the-night/node_modules/jest-circus/build/jestAdapterInit.js:761:3)
    at runAndTransformResultsToJestFormat (/home/tomas-silva/Documents/GitHub/jeuvideops/games/two-ships-passing-in-the-night/node_modules/jest-circus/build/jestAdapterInit.js:1918:21)
    at jestAdapter (/home/tomas-silva/Documents/GitHub/jeuvideops/games/two-ships-passing-in-the-night/node_modules/jest-circus/build/runner.js:101:19)
    at runTestInternal (/home/tomas-silva/Documents/GitHub/jeuvideops/games/two-ships-passing-in-the-night/node_modules/jest-runner/build/index.js:275:16)
    at runTest (/home/tomas-silva/Documents/GitHub/jeuvideops/games/two-ships-passing-in-the-night/node_modules/jest-runner/build/index.js:343:7)</failure>
    </testcase>
    <testcase classname="Two Ships Passing In The Night - Math Functions maplinear(1,20,3,40,5) should return approximately 0.882352941176471" name="Two Ships Passing In The Night - Math Functions maplinear(1,20,3,40,5) should return approximately 0.882352941176471" time="0">
      <failure>TypeError: math.maplinear is not a function
    at Object.maplinear (/home/tomas-silva/Documents/GitHub/jeuvideops/games/two-ships-passing-in-the-night/__tests__/math.test.js:25:25)
    at Promise.finally.completed (/home/tomas-silva/Documents/GitHub/jeuvideops/games/two-ships-passing-in-the-night/node_modules/jest-circus/build/jestAdapterInit.js:1557:28)
    at new Promise (&lt;anonymous&gt;)
    at callAsyncCircusFn (/home/tomas-silva/Documents/GitHub/jeuvideops/games/two-ships-passing-in-the-night/node_modules/jest-circus/build/jestAdapterInit.js:1497:10)
    at _callCircusTest (/home/tomas-silva/Documents/GitHub/jeuvideops/games/two-ships-passing-in-the-night/node_modules/jest-circus/build/jestAdapterInit.js:1007:40)
    at processTicksAndRejections (node:internal/process/task_queues:95:5)
    at _runTest (/home/tomas-silva/Documents/GitHub/jeuvideops/games/two-ships-passing-in-the-night/node_modules/jest-circus/build/jestAdapterInit.js:947:3)
    at /home/tomas-silva/Documents/GitHub/jeuvideops/games/two-ships-passing-in-the-night/node_modules/jest-circus/build/jestAdapterInit.js:849:7
    at _runTestsForDescribeBlock (/home/tomas-silva/Documents/GitHub/jeuvideops/games/two-ships-passing-in-the-night/node_modules/jest-circus/build/jestAdapterInit.js:862:11)
    at _runTestsForDescribeBlock (/home/tomas-silva/Documents/GitHub/jeuvideops/games/two-ships-passing-in-the-night/node_modules/jest-circus/build/jestAdapterInit.js:857:11)
    at run (/home/tomas-silva/Documents/GitHub/jeuvideops/games/two-ships-passing-in-the-night/node_modules/jest-circus/build/jestAdapterInit.js:761:3)
    at runAndTransformResultsToJestFormat (/home/tomas-silva/Documents/GitHub/jeuvideops/games/two-ships-passing-in-the-night/node_modules/jest-circus/build/jestAdapterInit.js:1918:21)
    at jestAdapter (/home/tomas-silva/Documents/GitHub/jeuvideops/games/two-ships-passing-in-the-night/node_modules/jest-circus/build/runner.js:101:19)
    at runTestInternal (/home/tomas-silva/Documents/GitHub/jeuvideops/games/two-ships-passing-in-the-night/node_modules/jest-runner/build/index.js:275:16)
    at runTest (/home/tomas-silva/Documents/GitHub/jeuvideops/games/two-ships-passing-in-the-night/node_modules/jest-runner/build/index.js:343:7)</failure>
    </testcase>
    <testcase classname="Two Ships Passing In The Night - Math Functions lerp(1,3,20) should return 41" name="Two Ships Passing In The Night - Math Functions lerp(1,3,20) should return 41" time="0.001">
    </testcase>
    <testcase classname="Two Ships Passing In The Night - Math Functions lerp(1,3,-7,2) should return -15.3" name="Two Ships Passing In The Night - Math Functions lerp(1,3,-7,2) should return -15.3" time="0.003">
      <failure>Error: expect(received).toBeCloseTo(expected)

Expected: -15.3
Received: -13

Expected precision:    2
Expected difference: &lt; 0.005
Received difference:   2.3000000000000007
    at Object.toBeCloseTo (/home/tomas-silva/Documents/GitHub/jeuvideops/games/two-ships-passing-in-the-night/__tests__/math.test.js:38:20)
    at Promise.finally.completed (/home/tomas-silva/Documents/GitHub/jeuvideops/games/two-ships-passing-in-the-night/node_modules/jest-circus/build/jestAdapterInit.js:1557:28)
    at new Promise (&lt;anonymous&gt;)
    at callAsyncCircusFn (/home/tomas-silva/Documents/GitHub/jeuvideops/games/two-ships-passing-in-the-night/node_modules/jest-circus/build/jestAdapterInit.js:1497:10)
    at _callCircusTest (/home/tomas-silva/Documents/GitHub/jeuvideops/games/two-ships-passing-in-the-night/node_modules/jest-circus/build/jestAdapterInit.js:1007:40)
    at processTicksAndRejections (node:internal/process/task_queues:95:5)
    at _runTest (/home/tomas-silva/Documents/GitHub/jeuvideops/games/two-ships-passing-in-the-night/node_modules/jest-circus/build/jestAdapterInit.js:947:3)
    at /home/tomas-silva/Documents/GitHub/jeuvideops/games/two-ships-passing-in-the-night/node_modules/jest-circus/build/jestAdapterInit.js:849:7
    at _runTestsForDescribeBlock (/home/tomas-silva/Documents/GitHub/jeuvideops/games/two-ships-passing-in-the-night/node_modules/jest-circus/build/jestAdapterInit.js:862:11)
    at _runTestsForDescribeBlock (/home/tomas-silva/Documents/GitHub/jeuvideops/games/two-ships-passing-in-the-night/node_modules/jest-circus/build/jestAdapterInit.js:857:11)
    at run (/home/tomas-silva/Documents/GitHub/jeuvideops/games/two-ships-passing-in-the-night/node_modules/jest-circus/build/jestAdapterInit.js:761:3)
    at runAndTransformResultsToJestFormat (/home/tomas-silva/Documents/GitHub/jeuvideops/games/two-ships-passing-in-the-night/node_modules/jest-circus/build/jestAdapterInit.js:1918:21)
    at jestAdapter (/home/tomas-silva/Documents/GitHub/jeuvideops/games/two-ships-passing-in-the-night/node_modules/jest-circus/build/runner.js:101:19)
    at runTestInternal (/home/tomas-silva/Documents/GitHub/jeuvideops/games/two-ships-passing-in-the-night/node_modules/jest-runner/build/index.js:275:16)
    at runTest (/home/tomas-silva/Documents/GitHub/jeuvideops/games/two-ships-passing-in-the-night/node_modules/jest-runner/build/index.js:343:7)</failure>
    </testcase>
  </testsuite>
</testsuites>